#
# There is insufficient memory for the Java Runtime Environment to continue.
# Native memory allocation (malloc) failed to allocate 843616 bytes for Chunk::new
# Possible reasons:
#   The system is out of physical RAM or swap space
#   The process is running with CompressedOops enabled, and the Java Heap may be blocking the growth of the native heap
# Possible solutions:
#   Reduce memory load on the system
#   Increase physical memory or swap space
#   Check if swap backing store is full
#   Decrease Java heap size (-Xmx/-Xms)
#   Decrease number of Java threads
#   Decrease Java thread stack sizes (-Xss)
#   Set larger code cache with -XX:ReservedCodeCacheSize=
#   JVM is running with Unscaled Compressed Oops mode in which the Java heap is
#     placed in the first 4GB address space. The Java Heap base address is the
#     maximum limit for the native heap growth. Please use -XX:HeapBaseMinAddress
#     to set the Java Heap base and to place the Java Heap above 4GB virtual address.
# This output file may be truncated or incomplete.
#
#  Out of Memory Error (arena.cpp:189), pid=6696, tid=5728
#
# JRE version: OpenJDK Runtime Environment Temurin-17.0.5+8 (17.0.5+8) (build 17.0.5+8)
# Java VM: OpenJDK 64-Bit Server VM Temurin-17.0.5+8 (17.0.5+8, mixed mode, sharing, tiered, compressed oops, compressed class ptrs, g1 gc, windows-amd64)
# No core dump will be written. Minidumps are not enabled by default on client versions of Windows
#

---------------  S U M M A R Y ------------

Command Line: -javaagent:D:\Program Files\JetBrains\IntelliJ IDEA Community Edition 2023.2.4\lib\idea_rt.jar=64694:D:\Program Files\JetBrains\IntelliJ IDEA Community Edition 2023.2.4\bin -Dfile.encoding=UTF-8 com.example.calculatorService.CalculatorServiceApplication

Host: AMD Ryzen 5 3500U with Radeon Vega Mobile Gfx  , 8 cores, 6G,  Windows 10 , 64 bit Build 19041 (10.0.19041.3636)
Time: Sun Jun 23 23:00:06 2024 RTZ 2 (s 10 , 64 bit Build 19041 (10.0.19041.3636) elapsed time: 55.295809 seconds (0d 0h 0m 55s)

---------------  T H R E A D  ---------------

Current thread (0x000002922c987590):  JavaThread "C2 CompilerThread0" daemon [_thread_in_native, id=5728, stack(0x000000aa9c600000,0x000000aa9c700000)]


Current CompileTask:
C2:  55295 8231   !   4       java.lang.reflect.Field::declaredAnnotations (82 bytes)

Stack: [0x000000aa9c600000,0x000000aa9c700000]
Native frames: (J=compiled Java code, j=interpreted, Vv=VM code, C=native code)
V  [jvm.dll+0x676b3a]
V  [jvm.dll+0x831444]
V  [jvm.dll+0x832bee]
V  [jvm.dll+0x833253]
V  [jvm.dll+0x244ce5]
V  [jvm.dll+0xabbac]
V  [jvm.dll+0xac17c]
V  [jvm.dll+0x2abd2f]
V  [jvm.dll+0x57d517]
V  [jvm.dll+0x21fd72]
V  [jvm.dll+0x219539]
V  [jvm.dll+0x216e6b]
V  [jvm.dll+0x1a343d]
V  [jvm.dll+0x22698a]
V  [jvm.dll+0x224ac5]
V  [jvm.dll+0x7e727b]
V  [jvm.dll+0x7e17ea]
V  [jvm.dll+0x6759e5]
C  [ucrtbase.dll+0x21bb2]
C  [KERNEL32.DLL+0x17344]
C  [ntdll.dll+0x4cc91]


---------------  P R O C E S S  ---------------

Threads class SMR info:
_java_thread_list=0x0000029230b92bf0, length=39, elements={
0x000002922c95bcb0, 0x000002922c95c830, 0x000002922c972f60, 0x000002922c977830,
0x000002922c9780f0, 0x000002922c9799c0, 0x000002922c987590, 0x000002922d808090,
0x000002922d818d90, 0x000002922d8f4440, 0x000002922dd7d480, 0x000002922dd7d950,
0x000002922e932000, 0x0000029230a93990, 0x0000029230a92b20, 0x0000029230a8de20,
0x0000029230a8e7c0, 0x0000029230a92ff0, 0x0000029230a934c0, 0x0000029230a92650,
0x0000029230a904a0, 0x0000029230a8e2f0, 0x0000029230a8ec90, 0x0000029230a92180,
0x0000029230a8f160, 0x0000029230a8f630, 0x0000029230a8ffd0, 0x0000029230a94800,
0x0000029230a94330, 0x0000029230a95670, 0x0000029230a90970, 0x0000029230a91310,
0x0000029230a94cd0, 0x0000029230a951a0, 0x0000029230a917e0, 0x0000029230a91cb0,
0x000002922e9329a0, 0x000002922eaf0020, 0x000002922eaef1b0
}

Java Threads: ( => current thread )
  0x000002922c95bcb0 JavaThread "Reference Handler" daemon [_thread_blocked, id=2000, stack(0x000000aa9c000000,0x000000aa9c100000)]
  0x000002922c95c830 JavaThread "Finalizer" daemon [_thread_blocked, id=15704, stack(0x000000aa9c100000,0x000000aa9c200000)]
  0x000002922c972f60 JavaThread "Signal Dispatcher" daemon [_thread_blocked, id=11164, stack(0x000000aa9c200000,0x000000aa9c300000)]
  0x000002922c977830 JavaThread "Attach Listener" daemon [_thread_blocked, id=16524, stack(0x000000aa9c300000,0x000000aa9c400000)]
  0x000002922c9780f0 JavaThread "Service Thread" daemon [_thread_blocked, id=18004, stack(0x000000aa9c400000,0x000000aa9c500000)]
  0x000002922c9799c0 JavaThread "Monitor Deflation Thread" daemon [_thread_blocked, id=2840, stack(0x000000aa9c500000,0x000000aa9c600000)]
=>0x000002922c987590 JavaThread "C2 CompilerThread0" daemon [_thread_in_native, id=5728, stack(0x000000aa9c600000,0x000000aa9c700000)]
  0x000002922d808090 JavaThread "C1 CompilerThread0" daemon [_thread_blocked, id=5544, stack(0x000000aa9c700000,0x000000aa9c800000)]
  0x000002922d818d90 JavaThread "Sweeper thread" daemon [_thread_blocked, id=16300, stack(0x000000aa9c800000,0x000000aa9c900000)]
  0x000002922d8f4440 JavaThread "Common-Cleaner" daemon [_thread_blocked, id=17444, stack(0x000000aa9c900000,0x000000aa9ca00000)]
  0x000002922dd7d480 JavaThread "Monitor Ctrl-Break" daemon [_thread_in_native, id=7912, stack(0x000000aa9ca00000,0x000000aa9cb00000)]
  0x000002922dd7d950 JavaThread "Notification Thread" daemon [_thread_blocked, id=6112, stack(0x000000aa9cb00000,0x000000aa9cc00000)]
  0x000002922e932000 JavaThread "HikariPool-1 housekeeper" daemon [_thread_blocked, id=18300, stack(0x000000aa9d700000,0x000000aa9d800000)]
  0x0000029230a93990 JavaThread "Catalina-utility-1" [_thread_blocked, id=1764, stack(0x000000aa9d900000,0x000000aa9da00000)]
  0x0000029230a92b20 JavaThread "http-nio-8080-exec-1" daemon [_thread_blocked, id=17256, stack(0x000000aa9da00000,0x000000aa9db00000)]
  0x0000029230a8de20 JavaThread "http-nio-8080-exec-2" daemon [_thread_blocked, id=9260, stack(0x000000aa9db00000,0x000000aa9dc00000)]
  0x0000029230a8e7c0 JavaThread "http-nio-8080-exec-3" daemon [_thread_blocked, id=2496, stack(0x000000aa9dc00000,0x000000aa9dd00000)]
  0x0000029230a92ff0 JavaThread "http-nio-8080-exec-4" daemon [_thread_blocked, id=8068, stack(0x000000aa9dd00000,0x000000aa9de00000)]
  0x0000029230a934c0 JavaThread "http-nio-8080-exec-5" daemon [_thread_blocked, id=8928, stack(0x000000aa9de00000,0x000000aa9df00000)]
  0x0000029230a92650 JavaThread "http-nio-8080-exec-6" daemon [_thread_blocked, id=9388, stack(0x000000aa9df00000,0x000000aa9e000000)]
  0x0000029230a904a0 JavaThread "http-nio-8080-exec-7" daemon [_thread_blocked, id=3968, stack(0x000000aa9e000000,0x000000aa9e100000)]
  0x0000029230a8e2f0 JavaThread "http-nio-8080-exec-8" daemon [_thread_blocked, id=4120, stack(0x000000aa9e100000,0x000000aa9e200000)]
  0x0000029230a8ec90 JavaThread "http-nio-8080-exec-9" daemon [_thread_blocked, id=16088, stack(0x000000aa9e200000,0x000000aa9e300000)]
  0x0000029230a92180 JavaThread "http-nio-8080-exec-10" daemon [_thread_blocked, id=10532, stack(0x000000aa9e300000,0x000000aa9e400000)]
  0x0000029230a8f160 JavaThread "Catalina-utility-2" [_thread_blocked, id=18120, stack(0x000000aa9e400000,0x000000aa9e500000)]
  0x0000029230a8f630 JavaThread "container-0" [_thread_blocked, id=1124, stack(0x000000aa9e500000,0x000000aa9e600000)]
  0x0000029230a8ffd0 JavaThread "File Watcher" daemon [_thread_blocked, id=1352, stack(0x000000aa9d800000,0x000000aa9d900000)]
  0x0000029230a94800 JavaThread "Live Reload Server" daemon [_thread_in_native, id=2596, stack(0x000000aa9e700000,0x000000aa9e800000)]
  0x0000029230a94330 JavaThread "spring.cloud.inetutils" daemon [_thread_blocked, id=3508, stack(0x000000aa9e600000,0x000000aa9e700000)]
  0x0000029230a95670 JavaThread "AsyncResolver-bootstrap-0" daemon [_thread_blocked, id=16388, stack(0x000000aa9e800000,0x000000aa9e900000)]
  0x0000029230a90970 JavaThread "idle-connection-evictor-1" daemon [_thread_blocked, id=17440, stack(0x000000aa9e900000,0x000000aa9ea00000)]
  0x0000029230a91310 JavaThread "DiscoveryClient-0" daemon [_thread_blocked, id=17212, stack(0x000000aa9eb00000,0x000000aa9ec00000)]
  0x0000029230a94cd0 JavaThread "DiscoveryClient-1" daemon [_thread_blocked, id=16280, stack(0x000000aa9ec00000,0x000000aa9ed00000)]
  0x0000029230a951a0 JavaThread "DiscoveryClient-InstanceInfoReplicator-0" daemon [_thread_blocked, id=16072, stack(0x000000aa9ed00000,0x000000aa9ee00000)]
  0x0000029230a917e0 JavaThread "http-nio-8080-Poller" daemon [_thread_in_native, id=12804, stack(0x000000aa9ee00000,0x000000aa9ef00000)]
  0x0000029230a91cb0 JavaThread "http-nio-8080-Acceptor" daemon [_thread_in_native, id=15968, stack(0x000000aa9ef00000,0x000000aa9f000000)]
  0x000002922e9329a0 JavaThread "DestroyJavaVM" [_thread_blocked, id=10388, stack(0x000000aa9b900000,0x000000aa9ba00000)]
  0x000002922eaf0020 JavaThread "DiscoveryClient-HeartbeatExecutor-0" daemon [_thread_blocked, id=18308, stack(0x000000aa9f000000,0x000000aa9f100000)]
  0x000002922eaef1b0 JavaThread "DiscoveryClient-CacheRefreshExecutor-0" daemon [_thread_blocked, id=4820, stack(0x000000aa9f100000,0x000000aa9f200000)]

Other Threads:
  0x000002922c9572a0 VMThread "VM Thread" [stack: 0x000000aa9bf00000,0x000000aa9c000000] [id=15044]
  0x000002920eab63b0 WatcherThread [stack: 0x000000aa9cc00000,0x000000aa9cd00000] [id=7744]
  0x000002920eaa07c0 GCTaskThread "GC Thread#0" [stack: 0x000000aa9ba00000,0x000000aa9bb00000] [id=15780]
  0x000002922e59dbf0 GCTaskThread "GC Thread#1" [stack: 0x000000aa9cd00000,0x000000aa9ce00000] [id=6296]
  0x000002922e680080 GCTaskThread "GC Thread#2" [stack: 0x000000aa9ce00000,0x000000aa9cf00000] [id=13660]
  0x000002922e680330 GCTaskThread "GC Thread#3" [stack: 0x000000aa9cf00000,0x000000aa9d000000] [id=18320]
  0x000002922e6805e0 GCTaskThread "GC Thread#4" [stack: 0x000000aa9d000000,0x000000aa9d100000] [id=10976]
  0x000002922e680890 GCTaskThread "GC Thread#5" [stack: 0x000000aa9d100000,0x000000aa9d200000] [id=15596]
  0x000002922e680b40 GCTaskThread "GC Thread#6" [stack: 0x000000aa9d200000,0x000000aa9d300000] [id=6864]
  0x000002922e91c860 GCTaskThread "GC Thread#7" [stack: 0x000000aa9d500000,0x000000aa9d600000] [id=11920]
  0x000002920eaaf310 ConcurrentGCThread "G1 Main Marker" [stack: 0x000000aa9bb00000,0x000000aa9bc00000] [id=18408]
  0x000002920eaafb30 ConcurrentGCThread "G1 Conc#0" [stack: 0x000000aa9bc00000,0x000000aa9bd00000] [id=7704]
  0x00000292307abb30 ConcurrentGCThread "G1 Conc#1" [stack: 0x000000aa9d600000,0x000000aa9d700000] [id=18324]
  0x000002920eadd810 ConcurrentGCThread "G1 Refine#0" [stack: 0x000000aa9bd00000,0x000000aa9be00000] [id=4816]
  0x000002920eade040 ConcurrentGCThread "G1 Service" [stack: 0x000000aa9be00000,0x000000aa9bf00000] [id=17756]

Threads with active compile tasks:
C2 CompilerThread0    55367 8231   !   4       java.lang.reflect.Field::declaredAnnotations (82 bytes)

VM state: not at safepoint (normal execution)

VM Mutex/Monitor currently owned by a thread: None

Heap address: 0x0000000091000000, size: 1776 MB, Compressed Oops mode: 32-bit

CDS archive(s) mapped at: [0x0000000800000000-0x0000000800bc0000-0x0000000800bc0000), size 12320768, SharedBaseAddress: 0x0000000800000000, ArchiveRelocationMode: 0.
Compressed class space mapped at: 0x0000000800c00000-0x0000000840c00000, reserved size: 1073741824
Narrow klass base: 0x0000000800000000, Narrow klass shift: 0, Narrow klass range: 0x100000000

GC Precious Log:
 CPUs: 8 total, 8 available
 Memory: 7103M
 Large Page Support: Disabled
 NUMA Support: Disabled
 Compressed Oops: Enabled (32-bit)
 Heap Region Size: 1M
 Heap Min Capacity: 8M
 Heap Initial Capacity: 112M
 Heap Max Capacity: 1776M
 Pre-touch: Disabled
 Parallel Workers: 8
 Concurrent Workers: 2
 Concurrent Refinement Workers: 8
 Periodic GC: Disabled

Heap:
 garbage-first heap   total 171008K, used 54465K [0x0000000091000000, 0x0000000100000000)
  region size 1024K, 10 young (10240K), 3 survivors (3072K)
 Metaspace       used 88772K, committed 89408K, reserved 1130496K
  class space    used 12260K, committed 12544K, reserved 1048576K

Heap Regions: E=young(eden), S=young(survivor), O=old, HS=humongous(starts), HC=humongous(continues), CS=collection set, F=free, OA=open archive, CA=closed archive, TAMS=top-at-mark-start (previous, next)
|   0|0x0000000091000000, 0x0000000091100000, 0x0000000091100000|100%|HS|  |TAMS 0x0000000091100000, 0x0000000091000000| Complete 
|   1|0x0000000091100000, 0x0000000091200000, 0x0000000091200000|100%|HS|  |TAMS 0x0000000091200000, 0x0000000091100000| Complete 
|   2|0x0000000091200000, 0x0000000091300000, 0x0000000091300000|100%| O|  |TAMS 0x0000000091300000, 0x0000000091200000| Untracked 
|   3|0x0000000091300000, 0x0000000091400000, 0x0000000091400000|100%| O|  |TAMS 0x0000000091400000, 0x0000000091300000| Untracked 
|   4|0x0000000091400000, 0x0000000091500000, 0x0000000091500000|100%| O|  |TAMS 0x0000000091500000, 0x0000000091400000| Untracked 
|   5|0x0000000091500000, 0x0000000091600000, 0x0000000091600000|100%| O|  |TAMS 0x0000000091600000, 0x0000000091500000| Untracked 
|   6|0x0000000091600000, 0x0000000091700000, 0x0000000091700000|100%| O|  |TAMS 0x0000000091700000, 0x0000000091600000| Untracked 
|   7|0x0000000091700000, 0x0000000091800000, 0x0000000091800000|100%| O|  |TAMS 0x0000000091800000, 0x0000000091700000| Untracked 
|   8|0x0000000091800000, 0x0000000091900000, 0x0000000091900000|100%| O|  |TAMS 0x0000000091900000, 0x0000000091800000| Untracked 
|   9|0x0000000091900000, 0x0000000091a00000, 0x0000000091a00000|100%| O|  |TAMS 0x0000000091a00000, 0x0000000091900000| Untracked 
|  10|0x0000000091a00000, 0x0000000091b00000, 0x0000000091b00000|100%| O|  |TAMS 0x0000000091b00000, 0x0000000091a00000| Untracked 
|  11|0x0000000091b00000, 0x0000000091c00000, 0x0000000091c00000|100%| O|  |TAMS 0x0000000091c00000, 0x0000000091b00000| Untracked 
|  12|0x0000000091c00000, 0x0000000091d00000, 0x0000000091d00000|100%| O|  |TAMS 0x0000000091d00000, 0x0000000091c00000| Untracked 
|  13|0x0000000091d00000, 0x0000000091e00000, 0x0000000091e00000|100%| O|  |TAMS 0x0000000091e00000, 0x0000000091d00000| Untracked 
|  14|0x0000000091e00000, 0x0000000091f00000, 0x0000000091f00000|100%| O|  |TAMS 0x0000000091f00000, 0x0000000091e00000| Untracked 
|  15|0x0000000091f00000, 0x0000000092000000, 0x0000000092000000|100%| O|  |TAMS 0x0000000092000000, 0x0000000091f00000| Untracked 
|  16|0x0000000092000000, 0x0000000092100000, 0x0000000092100000|100%| O|  |TAMS 0x0000000092100000, 0x0000000092000000| Untracked 
|  17|0x0000000092100000, 0x0000000092200000, 0x0000000092200000|100%| O|  |TAMS 0x0000000092200000, 0x0000000092100000| Untracked 
|  18|0x0000000092200000, 0x0000000092300000, 0x0000000092300000|100%| O|  |TAMS 0x0000000092300000, 0x0000000092200000| Untracked 
|  19|0x0000000092300000, 0x0000000092400000, 0x0000000092400000|100%| O|  |TAMS 0x0000000092400000, 0x0000000092300000| Untracked 
|  20|0x0000000092400000, 0x0000000092500000, 0x0000000092500000|100%| O|  |TAMS 0x0000000092500000, 0x0000000092400000| Untracked 
|  21|0x0000000092500000, 0x0000000092600000, 0x0000000092600000|100%| O|  |TAMS 0x0000000092600000, 0x0000000092500000| Untracked 
|  22|0x0000000092600000, 0x0000000092700000, 0x0000000092700000|100%| O|  |TAMS 0x0000000092700000, 0x0000000092600000| Untracked 
|  23|0x0000000092700000, 0x0000000092800000, 0x0000000092800000|100%| O|  |TAMS 0x0000000092800000, 0x0000000092700000| Untracked 
|  24|0x0000000092800000, 0x0000000092900000, 0x0000000092900000|100%| O|  |TAMS 0x0000000092800000, 0x0000000092800000| Untracked 
|  25|0x0000000092900000, 0x0000000092a00000, 0x0000000092a00000|100%| O|  |TAMS 0x0000000092a00000, 0x0000000092900000| Untracked 
|  26|0x0000000092a00000, 0x0000000092b00000, 0x0000000092b00000|100%| O|  |TAMS 0x0000000092b00000, 0x0000000092a00000| Untracked 
|  27|0x0000000092b00000, 0x0000000092c00000, 0x0000000092c00000|100%| O|  |TAMS 0x0000000092c00000, 0x0000000092b00000| Untracked 
|  28|0x0000000092c00000, 0x0000000092c00000, 0x0000000092d00000|  0%| F|  |TAMS 0x0000000092c00000, 0x0000000092c00000| Untracked 
|  29|0x0000000092d00000, 0x0000000092e00000, 0x0000000092e00000|100%| O|  |TAMS 0x0000000092e00000, 0x0000000092d00000| Untracked 
|  30|0x0000000092e00000, 0x0000000092f00000, 0x0000000092f00000|100%| O|  |TAMS 0x0000000092f00000, 0x0000000092e00000| Untracked 
|  31|0x0000000092f00000, 0x0000000093000000, 0x0000000093000000|100%| O|  |TAMS 0x0000000093000000, 0x0000000092f00000| Untracked 
|  32|0x0000000093000000, 0x0000000093100000, 0x0000000093100000|100%| O|  |TAMS 0x0000000093100000, 0x0000000093000000| Untracked 
|  33|0x0000000093100000, 0x0000000093200000, 0x0000000093200000|100%| O|  |TAMS 0x0000000093200000, 0x0000000093100000| Untracked 
|  34|0x0000000093200000, 0x0000000093300000, 0x0000000093300000|100%| O|  |TAMS 0x0000000093300000, 0x0000000093200000| Untracked 
|  35|0x0000000093300000, 0x0000000093400000, 0x0000000093400000|100%| O|  |TAMS 0x0000000093400000, 0x0000000093300000| Untracked 
|  36|0x0000000093400000, 0x0000000093500000, 0x0000000093500000|100%| O|  |TAMS 0x0000000093500000, 0x0000000093400000| Untracked 
|  37|0x0000000093500000, 0x0000000093600000, 0x0000000093600000|100%| O|  |TAMS 0x0000000093600000, 0x0000000093500000| Untracked 
|  38|0x0000000093600000, 0x0000000093700000, 0x0000000093700000|100%| O|  |TAMS 0x0000000093700000, 0x0000000093600000| Untracked 
|  39|0x0000000093700000, 0x0000000093800000, 0x0000000093800000|100%| O|  |TAMS 0x0000000093800000, 0x0000000093700000| Untracked 
|  40|0x0000000093800000, 0x0000000093900000, 0x0000000093900000|100%| O|  |TAMS 0x0000000093900000, 0x0000000093800000| Untracked 
|  41|0x0000000093900000, 0x0000000093a00000, 0x0000000093a00000|100%| O|  |TAMS 0x0000000093a00000, 0x0000000093900000| Untracked 
|  42|0x0000000093a00000, 0x0000000093b00000, 0x0000000093b00000|100%| O|  |TAMS 0x0000000093aae800, 0x0000000093a00000| Untracked 
|  43|0x0000000093b00000, 0x0000000093c00000, 0x0000000093c00000|100%| O|  |TAMS 0x0000000093b00000, 0x0000000093b00000| Untracked 
|  44|0x0000000093c00000, 0x0000000093d00000, 0x0000000093d00000|100%| O|  |TAMS 0x0000000093c00000, 0x0000000093c00000| Untracked 
|  45|0x0000000093d00000, 0x0000000093da8200, 0x0000000093e00000| 65%| O|  |TAMS 0x0000000093d00000, 0x0000000093d00000| Untracked 
|  46|0x0000000093e00000, 0x0000000093e00000, 0x0000000093f00000|  0%| F|  |TAMS 0x0000000093e00000, 0x0000000093e00000| Untracked 
|  47|0x0000000093f00000, 0x0000000093f00000, 0x0000000094000000|  0%| F|  |TAMS 0x0000000093f00000, 0x0000000093f00000| Untracked 
|  48|0x0000000094000000, 0x0000000094000000, 0x0000000094100000|  0%| F|  |TAMS 0x0000000094000000, 0x0000000094000000| Untracked 
|  49|0x0000000094100000, 0x0000000094100000, 0x0000000094200000|  0%| F|  |TAMS 0x0000000094100000, 0x0000000094100000| Untracked 
|  50|0x0000000094200000, 0x0000000094200000, 0x0000000094300000|  0%| F|  |TAMS 0x0000000094200000, 0x0000000094200000| Untracked 
|  51|0x0000000094300000, 0x0000000094300000, 0x0000000094400000|  0%| F|  |TAMS 0x0000000094300000, 0x0000000094300000| Untracked 
|  52|0x0000000094400000, 0x0000000094400000, 0x0000000094500000|  0%| F|  |TAMS 0x0000000094400000, 0x0000000094400000| Untracked 
|  53|0x0000000094500000, 0x0000000094500000, 0x0000000094600000|  0%| F|  |TAMS 0x0000000094500000, 0x0000000094500000| Untracked 
|  54|0x0000000094600000, 0x0000000094600000, 0x0000000094700000|  0%| F|  |TAMS 0x0000000094600000, 0x0000000094600000| Untracked 
|  55|0x0000000094700000, 0x0000000094700000, 0x0000000094800000|  0%| F|  |TAMS 0x0000000094700000, 0x0000000094700000| Untracked 
|  56|0x0000000094800000, 0x0000000094888418, 0x0000000094900000| 53%| S|CS|TAMS 0x0000000094800000, 0x0000000094800000| Complete 
|  57|0x0000000094900000, 0x0000000094a00000, 0x0000000094a00000|100%| S|CS|TAMS 0x0000000094900000, 0x0000000094900000| Complete 
|  58|0x0000000094a00000, 0x0000000094b00000, 0x0000000094b00000|100%| S|CS|TAMS 0x0000000094a00000, 0x0000000094a00000| Complete 
|  59|0x0000000094b00000, 0x0000000094b00000, 0x0000000094c00000|  0%| F|  |TAMS 0x0000000094b00000, 0x0000000094b00000| Untracked 
|  60|0x0000000094c00000, 0x0000000094c00000, 0x0000000094d00000|  0%| F|  |TAMS 0x0000000094c00000, 0x0000000094c00000| Untracked 
|  61|0x0000000094d00000, 0x0000000094d00000, 0x0000000094e00000|  0%| F|  |TAMS 0x0000000094d00000, 0x0000000094d00000| Untracked 
|  62|0x0000000094e00000, 0x0000000094e00000, 0x0000000094f00000|  0%| F|  |TAMS 0x0000000094e00000, 0x0000000094e00000| Untracked 
|  63|0x0000000094f00000, 0x0000000094f00000, 0x0000000095000000|  0%| F|  |TAMS 0x0000000094f00000, 0x0000000094f00000| Untracked 
|  64|0x0000000095000000, 0x0000000095000000, 0x0000000095100000|  0%| F|  |TAMS 0x0000000095000000, 0x0000000095000000| Untracked 
|  65|0x0000000095100000, 0x0000000095100000, 0x0000000095200000|  0%| F|  |TAMS 0x0000000095100000, 0x0000000095100000| Untracked 
|  66|0x0000000095200000, 0x0000000095200000, 0x0000000095300000|  0%| F|  |TAMS 0x0000000095200000, 0x0000000095200000| Untracked 
|  67|0x0000000095300000, 0x0000000095300000, 0x0000000095400000|  0%| F|  |TAMS 0x0000000095300000, 0x0000000095300000| Untracked 
|  68|0x0000000095400000, 0x0000000095400000, 0x0000000095500000|  0%| F|  |TAMS 0x0000000095400000, 0x0000000095400000| Untracked 
|  69|0x0000000095500000, 0x0000000095500000, 0x0000000095600000|  0%| F|  |TAMS 0x0000000095500000, 0x0000000095500000| Untracked 
|  70|0x0000000095600000, 0x0000000095600000, 0x0000000095700000|  0%| F|  |TAMS 0x0000000095600000, 0x0000000095600000| Untracked 
|  71|0x0000000095700000, 0x0000000095700000, 0x0000000095800000|  0%| F|  |TAMS 0x0000000095700000, 0x0000000095700000| Untracked 
|  72|0x0000000095800000, 0x0000000095800000, 0x0000000095900000|  0%| F|  |TAMS 0x0000000095800000, 0x0000000095800000| Untracked 
|  73|0x0000000095900000, 0x0000000095900000, 0x0000000095a00000|  0%| F|  |TAMS 0x0000000095900000, 0x0000000095900000| Untracked 
|  74|0x0000000095a00000, 0x0000000095a00000, 0x0000000095b00000|  0%| F|  |TAMS 0x0000000095a00000, 0x0000000095a00000| Untracked 
|  75|0x0000000095b00000, 0x0000000095b00000, 0x0000000095c00000|  0%| F|  |TAMS 0x0000000095b00000, 0x0000000095b00000| Untracked 
|  76|0x0000000095c00000, 0x0000000095c00000, 0x0000000095d00000|  0%| F|  |TAMS 0x0000000095c00000, 0x0000000095c00000| Untracked 
|  77|0x0000000095d00000, 0x0000000095d00000, 0x0000000095e00000|  0%| F|  |TAMS 0x0000000095d00000, 0x0000000095d00000| Untracked 
|  78|0x0000000095e00000, 0x0000000095e00000, 0x0000000095f00000|  0%| F|  |TAMS 0x0000000095e00000, 0x0000000095e00000| Untracked 
|  79|0x0000000095f00000, 0x0000000095f00000, 0x0000000096000000|  0%| F|  |TAMS 0x0000000095f00000, 0x0000000095f00000| Untracked 
|  80|0x0000000096000000, 0x0000000096000000, 0x0000000096100000|  0%| F|  |TAMS 0x0000000096000000, 0x0000000096000000| Untracked 
|  81|0x0000000096100000, 0x0000000096100000, 0x0000000096200000|  0%| F|  |TAMS 0x0000000096100000, 0x0000000096100000| Untracked 
|  82|0x0000000096200000, 0x0000000096200000, 0x0000000096300000|  0%| F|  |TAMS 0x0000000096200000, 0x0000000096200000| Untracked 
|  83|0x0000000096300000, 0x0000000096300000, 0x0000000096400000|  0%| F|  |TAMS 0x0000000096300000, 0x0000000096300000| Untracked 
|  84|0x0000000096400000, 0x0000000096400000, 0x0000000096500000|  0%| F|  |TAMS 0x0000000096400000, 0x0000000096400000| Untracked 
|  85|0x0000000096500000, 0x0000000096500000, 0x0000000096600000|  0%| F|  |TAMS 0x0000000096500000, 0x0000000096500000| Untracked 
|  86|0x0000000096600000, 0x0000000096600000, 0x0000000096700000|  0%| F|  |TAMS 0x0000000096600000, 0x0000000096600000| Untracked 
|  87|0x0000000096700000, 0x0000000096700000, 0x0000000096800000|  0%| F|  |TAMS 0x0000000096700000, 0x0000000096700000| Untracked 
|  88|0x0000000096800000, 0x0000000096800000, 0x0000000096900000|  0%| F|  |TAMS 0x0000000096800000, 0x0000000096800000| Untracked 
|  89|0x0000000096900000, 0x0000000096900000, 0x0000000096a00000|  0%| F|  |TAMS 0x0000000096900000, 0x0000000096900000| Untracked 
|  90|0x0000000096a00000, 0x0000000096a00000, 0x0000000096b00000|  0%| F|  |TAMS 0x0000000096a00000, 0x0000000096a00000| Untracked 
|  91|0x0000000096b00000, 0x0000000096b00000, 0x0000000096c00000|  0%| F|  |TAMS 0x0000000096b00000, 0x0000000096b00000| Untracked 
|  92|0x0000000096c00000, 0x0000000096c00000, 0x0000000096d00000|  0%| F|  |TAMS 0x0000000096c00000, 0x0000000096c00000| Untracked 
|  93|0x0000000096d00000, 0x0000000096d00000, 0x0000000096e00000|  0%| F|  |TAMS 0x0000000096d00000, 0x0000000096d00000| Untracked 
|  94|0x0000000096e00000, 0x0000000096e00000, 0x0000000096f00000|  0%| F|  |TAMS 0x0000000096e00000, 0x0000000096e00000| Untracked 
|  95|0x0000000096f00000, 0x0000000096f00000, 0x0000000097000000|  0%| F|  |TAMS 0x0000000096f00000, 0x0000000096f00000| Untracked 
|  96|0x0000000097000000, 0x0000000097000000, 0x0000000097100000|  0%| F|  |TAMS 0x0000000097000000, 0x0000000097000000| Untracked 
|  97|0x0000000097100000, 0x0000000097100000, 0x0000000097200000|  0%| F|  |TAMS 0x0000000097100000, 0x0000000097100000| Untracked 
|  98|0x0000000097200000, 0x0000000097200000, 0x0000000097300000|  0%| F|  |TAMS 0x0000000097200000, 0x0000000097200000| Untracked 
|  99|0x0000000097300000, 0x0000000097300000, 0x0000000097400000|  0%| F|  |TAMS 0x0000000097300000, 0x0000000097300000| Untracked 
| 100|0x0000000097400000, 0x0000000097400000, 0x0000000097500000|  0%| F|  |TAMS 0x0000000097400000, 0x0000000097400000| Untracked 
| 101|0x0000000097500000, 0x0000000097500000, 0x0000000097600000|  0%| F|  |TAMS 0x0000000097500000, 0x0000000097500000| Untracked 
| 102|0x0000000097600000, 0x0000000097600000, 0x0000000097700000|  0%| F|  |TAMS 0x0000000097600000, 0x0000000097600000| Untracked 
| 103|0x0000000097700000, 0x0000000097700000, 0x0000000097800000|  0%| F|  |TAMS 0x0000000097700000, 0x0000000097700000| Untracked 
| 104|0x0000000097800000, 0x0000000097800000, 0x0000000097900000|  0%| F|  |TAMS 0x0000000097800000, 0x0000000097800000| Untracked 
| 105|0x0000000097900000, 0x0000000097900000, 0x0000000097a00000|  0%| F|  |TAMS 0x0000000097900000, 0x0000000097900000| Untracked 
| 106|0x0000000097a00000, 0x0000000097a00000, 0x0000000097b00000|  0%| F|  |TAMS 0x0000000097a00000, 0x0000000097a00000| Untracked 
| 107|0x0000000097b00000, 0x0000000097b00000, 0x0000000097c00000|  0%| F|  |TAMS 0x0000000097b00000, 0x0000000097b00000| Untracked 
| 108|0x0000000097c00000, 0x0000000097c00000, 0x0000000097d00000|  0%| F|  |TAMS 0x0000000097c00000, 0x0000000097c00000| Untracked 
| 109|0x0000000097d00000, 0x0000000097d00000, 0x0000000097e00000|  0%| F|  |TAMS 0x0000000097d00000, 0x0000000097d00000| Untracked 
| 110|0x0000000097e00000, 0x0000000097e00000, 0x0000000097f00000|  0%| F|  |TAMS 0x0000000097e00000, 0x0000000097e00000| Untracked 
| 111|0x0000000097f00000, 0x0000000097f00000, 0x0000000098000000|  0%| F|  |TAMS 0x0000000097f00000, 0x0000000097f00000| Untracked 
| 112|0x0000000098000000, 0x0000000098000000, 0x0000000098100000|  0%| F|  |TAMS 0x0000000098000000, 0x0000000098000000| Untracked 
| 113|0x0000000098100000, 0x0000000098100000, 0x0000000098200000|  0%| F|  |TAMS 0x0000000098100000, 0x0000000098100000| Untracked 
| 114|0x0000000098200000, 0x0000000098200000, 0x0000000098300000|  0%| F|  |TAMS 0x0000000098200000, 0x0000000098200000| Untracked 
| 115|0x0000000098300000, 0x0000000098300000, 0x0000000098400000|  0%| F|  |TAMS 0x0000000098300000, 0x0000000098300000| Untracked 
| 116|0x0000000098400000, 0x0000000098400000, 0x0000000098500000|  0%| F|  |TAMS 0x0000000098400000, 0x0000000098400000| Untracked 
| 117|0x0000000098500000, 0x0000000098500000, 0x0000000098600000|  0%| F|  |TAMS 0x0000000098500000, 0x0000000098500000| Untracked 
| 118|0x0000000098600000, 0x0000000098600000, 0x0000000098700000|  0%| F|  |TAMS 0x0000000098600000, 0x0000000098600000| Untracked 
| 119|0x0000000098700000, 0x0000000098700000, 0x0000000098800000|  0%| F|  |TAMS 0x0000000098700000, 0x0000000098700000| Untracked 
| 120|0x0000000098800000, 0x0000000098800000, 0x0000000098900000|  0%| F|  |TAMS 0x0000000098800000, 0x0000000098800000| Untracked 
| 121|0x0000000098900000, 0x0000000098900000, 0x0000000098a00000|  0%| F|  |TAMS 0x0000000098900000, 0x0000000098900000| Untracked 
| 122|0x0000000098a00000, 0x0000000098a00000, 0x0000000098b00000|  0%| F|  |TAMS 0x0000000098a00000, 0x0000000098a00000| Untracked 
| 123|0x0000000098b00000, 0x0000000098b00000, 0x0000000098c00000|  0%| F|  |TAMS 0x0000000098b00000, 0x0000000098b00000| Untracked 
| 124|0x0000000098c00000, 0x0000000098c00000, 0x0000000098d00000|  0%| F|  |TAMS 0x0000000098c00000, 0x0000000098c00000| Untracked 
| 125|0x0000000098d00000, 0x0000000098d00000, 0x0000000098e00000|  0%| F|  |TAMS 0x0000000098d00000, 0x0000000098d00000| Untracked 
| 126|0x0000000098e00000, 0x0000000098e00000, 0x0000000098f00000|  0%| F|  |TAMS 0x0000000098e00000, 0x0000000098e00000| Untracked 
| 127|0x0000000098f00000, 0x0000000098f00000, 0x0000000099000000|  0%| F|  |TAMS 0x0000000098f00000, 0x0000000098f00000| Untracked 
| 128|0x0000000099000000, 0x0000000099000000, 0x0000000099100000|  0%| F|  |TAMS 0x0000000099000000, 0x0000000099000000| Untracked 
| 129|0x0000000099100000, 0x0000000099100000, 0x0000000099200000|  0%| F|  |TAMS 0x0000000099100000, 0x0000000099100000| Untracked 
| 130|0x0000000099200000, 0x0000000099200000, 0x0000000099300000|  0%| F|  |TAMS 0x0000000099200000, 0x0000000099200000| Untracked 
| 131|0x0000000099300000, 0x0000000099300000, 0x0000000099400000|  0%| F|  |TAMS 0x0000000099300000, 0x0000000099300000| Untracked 
| 132|0x0000000099400000, 0x0000000099400000, 0x0000000099500000|  0%| F|  |TAMS 0x0000000099400000, 0x0000000099400000| Untracked 
| 133|0x0000000099500000, 0x0000000099500000, 0x0000000099600000|  0%| F|  |TAMS 0x0000000099500000, 0x0000000099500000| Untracked 
| 134|0x0000000099600000, 0x0000000099600000, 0x0000000099700000|  0%| F|  |TAMS 0x0000000099600000, 0x0000000099600000| Untracked 
| 135|0x0000000099700000, 0x0000000099700000, 0x0000000099800000|  0%| F|  |TAMS 0x0000000099700000, 0x0000000099700000| Untracked 
| 136|0x0000000099800000, 0x0000000099800000, 0x0000000099900000|  0%| F|  |TAMS 0x0000000099800000, 0x0000000099800000| Untracked 
| 137|0x0000000099900000, 0x0000000099900000, 0x0000000099a00000|  0%| F|  |TAMS 0x0000000099900000, 0x0000000099900000| Untracked 
| 138|0x0000000099a00000, 0x0000000099a00000, 0x0000000099b00000|  0%| F|  |TAMS 0x0000000099a00000, 0x0000000099a00000| Untracked 
| 139|0x0000000099b00000, 0x0000000099b00000, 0x0000000099c00000|  0%| F|  |TAMS 0x0000000099b00000, 0x0000000099b00000| Untracked 
| 140|0x0000000099c00000, 0x0000000099c00000, 0x0000000099d00000|  0%| F|  |TAMS 0x0000000099c00000, 0x0000000099c00000| Untracked 
| 141|0x0000000099d00000, 0x0000000099d00000, 0x0000000099e00000|  0%| F|  |TAMS 0x0000000099d00000, 0x0000000099d00000| Untracked 
| 142|0x0000000099e00000, 0x0000000099e00000, 0x0000000099f00000|  0%| F|  |TAMS 0x0000000099e00000, 0x0000000099e00000| Untracked 
| 143|0x0000000099f00000, 0x0000000099f00000, 0x000000009a000000|  0%| F|  |TAMS 0x0000000099f00000, 0x0000000099f00000| Untracked 
| 144|0x000000009a000000, 0x000000009a000000, 0x000000009a100000|  0%| F|  |TAMS 0x000000009a000000, 0x000000009a000000| Untracked 
| 145|0x000000009a100000, 0x000000009a100000, 0x000000009a200000|  0%| F|  |TAMS 0x000000009a100000, 0x000000009a100000| Untracked 
| 146|0x000000009a200000, 0x000000009a200000, 0x000000009a300000|  0%| F|  |TAMS 0x000000009a200000, 0x000000009a200000| Untracked 
| 147|0x000000009a300000, 0x000000009a300000, 0x000000009a400000|  0%| F|  |TAMS 0x000000009a300000, 0x000000009a300000| Untracked 
| 148|0x000000009a400000, 0x000000009a400000, 0x000000009a500000|  0%| F|  |TAMS 0x000000009a400000, 0x000000009a400000| Untracked 
| 149|0x000000009a500000, 0x000000009a500000, 0x000000009a600000|  0%| F|  |TAMS 0x000000009a500000, 0x000000009a500000| Untracked 
| 150|0x000000009a600000, 0x000000009a600000, 0x000000009a700000|  0%| F|  |TAMS 0x000000009a600000, 0x000000009a600000| Untracked 
| 151|0x000000009a700000, 0x000000009a700000, 0x000000009a800000|  0%| F|  |TAMS 0x000000009a700000, 0x000000009a700000| Untracked 
| 152|0x000000009a800000, 0x000000009a800000, 0x000000009a900000|  0%| F|  |TAMS 0x000000009a800000, 0x000000009a800000| Untracked 
| 153|0x000000009a900000, 0x000000009a900000, 0x000000009aa00000|  0%| F|  |TAMS 0x000000009a900000, 0x000000009a900000| Untracked 
| 154|0x000000009aa00000, 0x000000009aa00000, 0x000000009ab00000|  0%| F|  |TAMS 0x000000009aa00000, 0x000000009aa00000| Untracked 
| 155|0x000000009ab00000, 0x000000009ab00000, 0x000000009ac00000|  0%| F|  |TAMS 0x000000009ab00000, 0x000000009ab00000| Untracked 
| 156|0x000000009ac00000, 0x000000009ac00000, 0x000000009ad00000|  0%| F|  |TAMS 0x000000009ac00000, 0x000000009ac00000| Untracked 
| 157|0x000000009ad00000, 0x000000009ad00000, 0x000000009ae00000|  0%| F|  |TAMS 0x000000009ad00000, 0x000000009ad00000| Untracked 
| 158|0x000000009ae00000, 0x000000009ae00000, 0x000000009af00000|  0%| F|  |TAMS 0x000000009ae00000, 0x000000009ae00000| Untracked 
| 159|0x000000009af00000, 0x000000009af175b8, 0x000000009b000000|  9%| E|  |TAMS 0x000000009af00000, 0x000000009af00000| Complete 
| 160|0x000000009b000000, 0x000000009b100000, 0x000000009b100000|100%| E|CS|TAMS 0x000000009b000000, 0x000000009b000000| Complete 
| 161|0x000000009b100000, 0x000000009b200000, 0x000000009b200000|100%| E|CS|TAMS 0x000000009b100000, 0x000000009b100000| Complete 
| 162|0x000000009b200000, 0x000000009b300000, 0x000000009b300000|100%| E|CS|TAMS 0x000000009b200000, 0x000000009b200000| Complete 
| 163|0x000000009b300000, 0x000000009b400000, 0x000000009b400000|100%| E|CS|TAMS 0x000000009b300000, 0x000000009b300000| Complete 
| 164|0x000000009b400000, 0x000000009b500000, 0x000000009b500000|100%| E|CS|TAMS 0x000000009b400000, 0x000000009b400000| Complete 
| 165|0x000000009b500000, 0x000000009b600000, 0x000000009b600000|100%| E|CS|TAMS 0x000000009b500000, 0x000000009b500000| Complete 
| 166|0x000000009b600000, 0x000000009b700000, 0x000000009b700000|100%| E|CS|TAMS 0x000000009b600000, 0x000000009b600000| Complete 

Card table byte_map: [0x0000029226340000,0x00000292266c0000] _byte_map_base: 0x0000029225eb8000

Marking Bits (Prev, Next): (CMBitMap*) 0x000002920eaa0c20, (CMBitMap*) 0x000002920eaa0be0
 Prev Bits: [0x0000029228600000, 0x000002922a1c0000)
 Next Bits: [0x0000029226a40000, 0x0000029228600000)

Polling page: 0x000002920eae0000

Metaspace:

Usage:
  Non-class:     74.72 MB used.
      Class:     11.97 MB used.
       Both:     86.69 MB used.

Virtual space:
  Non-class space:       80.00 MB reserved,      75.06 MB ( 94%) committed,  10 nodes.
      Class space:        1.00 GB reserved,      12.25 MB (  1%) committed,  1 nodes.
             Both:        1.08 GB reserved,      87.31 MB (  8%) committed. 

Chunk freelists:
   Non-Class:  285.00 KB
       Class:  3.71 MB
        Both:  3.99 MB

MaxMetaspaceSize: unlimited
CompressedClassSpaceSize: 1.00 GB
Initial GC threshold: 21.00 MB
Current GC threshold: 132.75 MB
CDS: on
MetaspaceReclaimPolicy: balanced
 - commit_granule_bytes: 65536.
 - commit_granule_words: 8192.
 - virtual_space_node_default_size: 1048576.
 - enlarge_chunks_in_place: 1.
 - new_chunks_are_fully_committed: 0.
 - uncommit_free_chunks: 1.
 - use_allocation_guard: 0.
 - handle_deallocations: 1.


Internal statistics:

num_allocs_failed_limit: 9.
num_arena_births: 884.
num_arena_deaths: 6.
num_vsnodes_births: 11.
num_vsnodes_deaths: 0.
num_space_committed: 1397.
num_space_uncommitted: 0.
num_chunks_returned_to_freelist: 18.
num_chunks_taken_from_freelist: 4048.
num_chunk_merges: 9.
num_chunk_splits: 3005.
num_chunks_enlarged: 2416.
num_purges: 2.
num_inconsistent_stats: 0.

CodeHeap 'non-profiled nmethods': size=120000Kb used=3785Kb max_used=3785Kb free=116214Kb
 bounds [0x000002921e030000, 0x000002921e3f0000, 0x0000029225560000]
CodeHeap 'profiled nmethods': size=120000Kb used=12677Kb max_used=12677Kb free=107323Kb
 bounds [0x0000029216b00000, 0x0000029217770000, 0x000002921e030000]
CodeHeap 'non-nmethods': size=5760Kb used=1400Kb max_used=1444Kb free=4359Kb
 bounds [0x0000029216560000, 0x00000292167d0000, 0x0000029216b00000]
 total_blobs=8053 nmethods=7309 adapters=655
 compilation: enabled
              stopped_count=0, restarted_count=0
 full_count=0

Compilation events (20 events):
Event: 55.125 Thread 0x000002922c987590 8260       4       jdk.internal.loader.AbstractClassLoaderValue$Sub::hashCode (19 bytes)
Event: 55.126 Thread 0x000002922d808090 nmethod 8316 0x000002921775fa90 code [0x000002921775fc60, 0x0000029217760028]
Event: 55.126 Thread 0x000002922d808090 8319       3       com.fasterxml.jackson.databind.introspect.BasicClassIntrospector::forClassAnnotations (30 bytes)
Event: 55.126 Thread 0x000002922d808090 nmethod 8319 0x0000029217760210 code [0x00000292177603e0, 0x0000029217760668]
Event: 55.126 Thread 0x000002922d808090 8318       3       com.fasterxml.jackson.databind.cfg.MapperConfig::introspectClassAnnotations (10 bytes)
Event: 55.127 Thread 0x000002922d808090 nmethod 8318 0x0000029217760790 code [0x0000029217760980, 0x0000029217760f18]
Event: 55.127 Thread 0x000002922c987590 nmethod 8260 0x000002921e3e1690 code [0x000002921e3e1820, 0x000002921e3e1988]
Event: 55.127 Thread 0x000002922d808090 8310       1       com.fasterxml.jackson.databind.SerializerProvider::getConfig (5 bytes)
Event: 55.127 Thread 0x000002922c987590 8231   !   4       java.lang.reflect.Field::declaredAnnotations (82 bytes)
Event: 55.127 Thread 0x000002922d808090 nmethod 8310 0x000002921e3e1a90 code [0x000002921e3e1c20, 0x000002921e3e1cf8]
Event: 55.127 Thread 0x000002922d808090 8313       1       com.fasterxml.jackson.databind.util.TypeKey::hashCode (5 bytes)
Event: 55.127 Thread 0x000002922d808090 nmethod 8313 0x000002921e3e1d90 code [0x000002921e3e1f20, 0x000002921e3e1ff8]
Event: 55.127 Thread 0x000002922d808090 8320       1       com.fasterxml.jackson.annotation.JsonInclude$Value::getValueInclusion (5 bytes)
Event: 55.127 Thread 0x000002922d808090 nmethod 8320 0x000002921e3e2090 code [0x000002921e3e2220, 0x000002921e3e22f8]
Event: 55.127 Thread 0x000002922d808090 8288       3       java.util.ArrayDeque$DeqIterator::<init> (34 bytes)
Event: 55.128 Thread 0x000002922d808090 nmethod 8288 0x0000029217761190 code [0x0000029217761340, 0x00000292177616b8]
Event: 55.128 Thread 0x000002922d808090 8321       3       java.util.concurrent.TimeUnit::toNanos (45 bytes)
Event: 55.128 Thread 0x000002922d808090 nmethod 8321 0x0000029217761810 code [0x00000292177619c0, 0x0000029217761c38]
Event: 55.128 Thread 0x000002922d808090 8289       1       com.fasterxml.jackson.databind.type.TypeBindings::hashCode (5 bytes)
Event: 55.128 Thread 0x000002922d808090 nmethod 8289 0x000002921e3e2390 code [0x000002921e3e2520, 0x000002921e3e25f8]

GC Heap History (20 events):
Event: 20.469 GC heap before
{Heap before GC invocations=20 (full 0):
 garbage-first heap   total 68608K, used 55527K [0x0000000091000000, 0x0000000100000000)
  region size 1024K, 18 young (18432K), 1 survivors (1024K)
 Metaspace       used 71115K, committed 71680K, reserved 1114112K
  class space    used 9925K, committed 10176K, reserved 1048576K
}
Event: 20.472 GC heap after
{Heap after GC invocations=21 (full 0):
 garbage-first heap   total 68608K, used 38931K [0x0000000091000000, 0x0000000100000000)
  region size 1024K, 2 young (2048K), 2 survivors (2048K)
 Metaspace       used 71115K, committed 71680K, reserved 1114112K
  class space    used 9925K, committed 10176K, reserved 1048576K
}
Event: 21.252 GC heap before
{Heap before GC invocations=22 (full 0):
 garbage-first heap   total 70656K, used 54291K [0x0000000091000000, 0x0000000100000000)
  region size 1024K, 18 young (18432K), 2 survivors (2048K)
 Metaspace       used 72887K, committed 73536K, reserved 1114112K
  class space    used 10147K, committed 10432K, reserved 1048576K
}
Event: 21.257 GC heap after
{Heap after GC invocations=23 (full 0):
 garbage-first heap   total 70656K, used 40471K [0x0000000091000000, 0x0000000100000000)
  region size 1024K, 3 young (3072K), 3 survivors (3072K)
 Metaspace       used 72887K, committed 73536K, reserved 1114112K
  class space    used 10147K, committed 10432K, reserved 1048576K
}
Event: 21.306 GC heap before
{Heap before GC invocations=23 (full 0):
 garbage-first heap   total 70656K, used 41495K [0x0000000091000000, 0x0000000100000000)
  region size 1024K, 4 young (4096K), 3 survivors (3072K)
 Metaspace       used 73008K, committed 73664K, reserved 1114112K
  class space    used 10164K, committed 10496K, reserved 1048576K
}
Event: 21.310 GC heap after
{Heap after GC invocations=24 (full 0):
 garbage-first heap   total 70656K, used 40082K [0x0000000091000000, 0x0000000100000000)
  region size 1024K, 1 young (1024K), 1 survivors (1024K)
 Metaspace       used 73008K, committed 73664K, reserved 1114112K
  class space    used 10164K, committed 10496K, reserved 1048576K
}
Event: 23.183 GC heap before
{Heap before GC invocations=24 (full 0):
 garbage-first heap   total 70656K, used 57490K [0x0000000091000000, 0x0000000100000000)
  region size 1024K, 18 young (18432K), 1 survivors (1024K)
 Metaspace       used 74384K, committed 75008K, reserved 1114112K
  class space    used 10367K, committed 10688K, reserved 1048576K
}
Event: 23.186 GC heap after
{Heap after GC invocations=25 (full 0):
 garbage-first heap   total 70656K, used 41068K [0x0000000091000000, 0x0000000100000000)
  region size 1024K, 2 young (2048K), 2 survivors (2048K)
 Metaspace       used 74384K, committed 75008K, reserved 1114112K
  class space    used 10367K, committed 10688K, reserved 1048576K
}
Event: 24.195 GC heap before
{Heap before GC invocations=26 (full 0):
 garbage-first heap   total 75776K, used 56428K [0x0000000091000000, 0x0000000100000000)
  region size 1024K, 17 young (17408K), 2 survivors (2048K)
 Metaspace       used 77603K, committed 78208K, reserved 1122304K
  class space    used 10786K, committed 11072K, reserved 1048576K
}
Event: 24.200 GC heap after
{Heap after GC invocations=27 (full 0):
 garbage-first heap   total 75776K, used 43067K [0x0000000091000000, 0x0000000100000000)
  region size 1024K, 3 young (3072K), 3 survivors (3072K)
 Metaspace       used 77603K, committed 78208K, reserved 1122304K
  class space    used 10786K, committed 11072K, reserved 1048576K
}
Event: 24.210 GC heap before
{Heap before GC invocations=27 (full 0):
 garbage-first heap   total 75776K, used 44091K [0x0000000091000000, 0x0000000100000000)
  region size 1024K, 4 young (4096K), 3 survivors (3072K)
 Metaspace       used 77621K, committed 78208K, reserved 1122304K
  class space    used 10787K, committed 11072K, reserved 1048576K
}
Event: 24.214 GC heap after
{Heap after GC invocations=28 (full 0):
 garbage-first heap   total 75776K, used 43459K [0x0000000091000000, 0x0000000100000000)
  region size 1024K, 1 young (1024K), 1 survivors (1024K)
 Metaspace       used 77621K, committed 78208K, reserved 1122304K
  class space    used 10787K, committed 11072K, reserved 1048576K
}
Event: 25.066 GC heap before
{Heap before GC invocations=28 (full 0):
 garbage-first heap   total 75776K, used 60867K [0x0000000091000000, 0x0000000100000000)
  region size 1024K, 18 young (18432K), 1 survivors (1024K)
 Metaspace       used 80880K, committed 81472K, reserved 1122304K
  class space    used 11247K, committed 11520K, reserved 1048576K
}
Event: 25.072 GC heap after
{Heap after GC invocations=29 (full 0):
 garbage-first heap   total 75776K, used 45740K [0x0000000091000000, 0x0000000100000000)
  region size 1024K, 3 young (3072K), 3 survivors (3072K)
 Metaspace       used 80880K, committed 81472K, reserved 1122304K
  class space    used 11247K, committed 11520K, reserved 1048576K
}
Event: 33.585 GC heap before
{Heap before GC invocations=30 (full 0):
 garbage-first heap   total 78848K, used 60076K [0x0000000091000000, 0x0000000100000000)
  region size 1024K, 18 young (18432K), 3 survivors (3072K)
 Metaspace       used 84696K, committed 85312K, reserved 1130496K
  class space    used 11744K, committed 12032K, reserved 1048576K
}
Event: 33.592 GC heap after
{Heap after GC invocations=31 (full 0):
 garbage-first heap   total 78848K, used 46467K [0x0000000091000000, 0x0000000100000000)
  region size 1024K, 2 young (2048K), 2 survivors (2048K)
 Metaspace       used 84696K, committed 85312K, reserved 1130496K
  class space    used 11744K, committed 12032K, reserved 1048576K
}
Event: 33.659 GC heap before
{Heap before GC invocations=31 (full 0):
 garbage-first heap   total 78848K, used 47491K [0x0000000091000000, 0x0000000100000000)
  region size 1024K, 3 young (3072K), 2 survivors (2048K)
 Metaspace       used 84910K, committed 85504K, reserved 1130496K
  class space    used 11778K, committed 12032K, reserved 1048576K
}
Event: 33.662 GC heap after
{Heap after GC invocations=32 (full 0):
 garbage-first heap   total 78848K, used 45949K [0x0000000091000000, 0x0000000100000000)
  region size 1024K, 1 young (1024K), 1 survivors (1024K)
 Metaspace       used 84910K, committed 85504K, reserved 1130496K
  class space    used 11778K, committed 12032K, reserved 1048576K
}
Event: 37.753 GC heap before
{Heap before GC invocations=32 (full 0):
 garbage-first heap   total 78848K, used 62333K [0x0000000091000000, 0x0000000100000000)
  region size 1024K, 18 young (18432K), 1 survivors (1024K)
 Metaspace       used 88577K, committed 89216K, reserved 1130496K
  class space    used 12246K, committed 12544K, reserved 1048576K
}
Event: 37.758 GC heap after
{Heap after GC invocations=33 (full 0):
 garbage-first heap   total 171008K, used 48321K [0x0000000091000000, 0x0000000100000000)
  region size 1024K, 3 young (3072K), 3 survivors (3072K)
 Metaspace       used 88577K, committed 89216K, reserved 1130496K
  class space    used 12246K, committed 12544K, reserved 1048576K
}

Dll operation events (13 events):
Event: 0.022 Loaded shared library C:\Program Files\Eclipse Adoptium\jdk-17.0.5.8-hotspot\bin\java.dll
Event: 0.041 Loaded shared library C:\Program Files\Eclipse Adoptium\jdk-17.0.5.8-hotspot\bin\jsvml.dll
Event: 0.344 Loaded shared library C:\Program Files\Eclipse Adoptium\jdk-17.0.5.8-hotspot\bin\zip.dll
Event: 0.350 Loaded shared library C:\Program Files\Eclipse Adoptium\jdk-17.0.5.8-hotspot\bin\instrument.dll
Event: 0.364 Loaded shared library C:\Program Files\Eclipse Adoptium\jdk-17.0.5.8-hotspot\bin\net.dll
Event: 0.371 Loaded shared library C:\Program Files\Eclipse Adoptium\jdk-17.0.5.8-hotspot\bin\nio.dll
Event: 0.378 Loaded shared library C:\Program Files\Eclipse Adoptium\jdk-17.0.5.8-hotspot\bin\zip.dll
Event: 0.729 Loaded shared library D:\Program Files\JetBrains\IntelliJ IDEA Community Edition 2023.2.4\bin\breakgen64.dll
Event: 0.845 Loaded shared library C:\Program Files\Eclipse Adoptium\jdk-17.0.5.8-hotspot\bin\jimage.dll
Event: 1.664 Loaded shared library C:\Program Files\Eclipse Adoptium\jdk-17.0.5.8-hotspot\bin\management.dll
Event: 1.671 Loaded shared library C:\Program Files\Eclipse Adoptium\jdk-17.0.5.8-hotspot\bin\management_ext.dll
Event: 4.982 Loaded shared library C:\Program Files\Eclipse Adoptium\jdk-17.0.5.8-hotspot\bin\sunmscapi.dll
Event: 13.123 Loaded shared library C:\Program Files\Eclipse Adoptium\jdk-17.0.5.8-hotspot\bin\verify.dll

Deoptimization events (20 events):
Event: 37.385 Thread 0x0000029230a8ec90 Uncommon trap: trap_request=0xffffff54 fr.pc=0x000002921e2d7f10 relative=0x0000000000000510
Event: 37.385 Thread 0x0000029230a8ec90 Uncommon trap: reason=speculate_null_assert action=make_not_entrant pc=0x000002921e2d7f10 method=org.springframework.util.ConcurrentReferenceHashMap$Segment.restructureIfNecessary(Z)V @ 41 c2
Event: 37.385 Thread 0x0000029230a8ec90 DEOPT PACKING pc=0x000002921e2d7f10 sp=0x000000aa9e2fcac0
Event: 37.385 Thread 0x0000029230a8ec90 DEOPT UNPACKING pc=0x00000292165b23a3 sp=0x000000aa9e2fca18 mode 2
Event: 37.455 Thread 0x0000029230a8ec90 Uncommon trap: trap_request=0xffffffe4 fr.pc=0x000002921e0aca78 relative=0x0000000000000078
Event: 37.455 Thread 0x0000029230a8ec90 Uncommon trap: reason=range_check action=make_not_entrant pc=0x000002921e0aca78 method=java.util.Objects.checkIndex(II)I @ 3 c2
Event: 37.455 Thread 0x0000029230a8ec90 DEOPT PACKING pc=0x000002921e0aca78 sp=0x000000aa9e2fbee0
Event: 37.455 Thread 0x0000029230a8ec90 DEOPT UNPACKING pc=0x00000292165b23a3 sp=0x000000aa9e2fbe08 mode 2
Event: 37.455 Thread 0x0000029230a8ec90 Uncommon trap: trap_request=0xffffff45 fr.pc=0x000002921e17b75c relative=0x000000000000005c
Event: 37.455 Thread 0x0000029230a8ec90 Uncommon trap: reason=unstable_if action=reinterpret pc=0x000002921e17b75c method=jdk.internal.util.Preconditions.checkIndex(IILjava/util/function/BiFunction;)I @ 6 c2
Event: 37.455 Thread 0x0000029230a8ec90 DEOPT PACKING pc=0x000002921e17b75c sp=0x000000aa9e2fbdf0
Event: 37.455 Thread 0x0000029230a8ec90 DEOPT UNPACKING pc=0x00000292165b23a3 sp=0x000000aa9e2fbd98 mode 2
Event: 37.674 Thread 0x0000029230a8ec90 DEOPT PACKING pc=0x0000029216d514a3 sp=0x000000aa9e2fc1e0
Event: 37.674 Thread 0x0000029230a8ec90 DEOPT UNPACKING pc=0x00000292165b2b43 sp=0x000000aa9e2fb650 mode 0
Event: 37.749 Thread 0x0000029230a92180 Uncommon trap: trap_request=0xffffff45 fr.pc=0x000002921e0e7d24 relative=0x0000000000000084
Event: 37.749 Thread 0x0000029230a92180 Uncommon trap: reason=unstable_if action=reinterpret pc=0x000002921e0e7d24 method=java.util.LinkedHashMap.afterNodeInsertion(Z)V @ 18 c2
Event: 37.749 Thread 0x0000029230a92180 DEOPT PACKING pc=0x000002921e0e7d24 sp=0x000000aa9e3fb460
Event: 37.749 Thread 0x0000029230a92180 DEOPT UNPACKING pc=0x00000292165b23a3 sp=0x000000aa9e3fb3e0 mode 2
Event: 54.918 Thread 0x000002922eaef1b0 DEOPT PACKING pc=0x000002921730ce7e sp=0x000000aa9f1fdc90
Event: 54.919 Thread 0x000002922eaef1b0 DEOPT UNPACKING pc=0x00000292165b2b43 sp=0x000000aa9f1fd0e8 mode 0

Classes unloaded (3 events):
Event: 23.260 Thread 0x000002922c9572a0 Unloading class 0x00000008015f6800 'jdk/internal/reflect/GeneratedSerializationConstructorAccessor3'
Event: 23.260 Thread 0x000002922c9572a0 Unloading class 0x00000008015f5800 'jdk/internal/reflect/GeneratedSerializationConstructorAccessor2'
Event: 23.260 Thread 0x000002922c9572a0 Unloading class 0x00000008015f4000 'jdk/internal/reflect/GeneratedSerializationConstructorAccessor1'

Classes redefined (0 events):
No events

Internal exceptions (20 events):
Event: 32.906 Thread 0x0000029230a8de20 Exception <a 'java/lang/NoSuchMethodError'{0x0000000095cad108}: 'java.lang.Object java.lang.invoke.DirectMethodHandle$Holder.invokeSpecial(java.lang.Object, java.lang.Object, java.lang.Object, java.lang.Object, java.lang.Object, long)'> (0x0000000095cad108) 
thrown [s\src\hotspot\share\interpreter\linkResolver.cpp, line 759]
Event: 32.907 Thread 0x0000029230a8de20 Exception <a 'java/lang/NoSuchMethodError'{0x0000000095cb0b48}: 'java.lang.Object java.lang.invoke.Invokers$Holder.linkToTargetMethod(java.lang.Object, java.lang.Object, java.lang.Object, long, java.lang.Object)'> (0x0000000095cb0b48) 
thrown [s\src\hotspot\share\interpreter\linkResolver.cpp, line 759]
Event: 33.196 Thread 0x0000029230a8de20 Exception <a 'java/lang/NoSuchMethodError'{0x000000009543c408}: 'java.lang.Object java.lang.invoke.DirectMethodHandle$Holder.invokeInterface(java.lang.Object, java.lang.Object, java.lang.Object, java.lang.Object)'> (0x000000009543c408) 
thrown [s\src\hotspot\share\interpreter\linkResolver.cpp, line 759]
Event: 33.222 Thread 0x0000029230a8de20 Exception <a 'java/lang/IncompatibleClassChangeError'{0x00000000954ac308}: Found class java.lang.Object, but interface was expected> (0x00000000954ac308) 
thrown [s\src\hotspot\share\interpreter\linkResolver.cpp, line 826]
Event: 34.381 Thread 0x0000029230a934c0 Exception <a 'java/lang/NoSuchMethodError'{0x0000000095282670}: 'java.lang.Object java.lang.invoke.DirectMethodHandle$Holder.invokeStatic(java.lang.Object, int, int)'> (0x0000000095282670) 
thrown [s\src\hotspot\share\interpreter\linkResolver.cpp, line 759]
Event: 37.441 Thread 0x0000029230a8ec90 Exception <a 'java/lang/NoSuchMethodError'{0x0000000094fb49f0}: 'void java.lang.invoke.DirectMethodHandle$Holder.invokeSpecialIFC(java.lang.Object, java.lang.Object, int, java.lang.Object, java.lang.Object, java.lang.Object, java.lang.Object)'> (0x0000000094fb49f0) 
thrown [s\src\hotspot\share\interpreter\linkResolver.cpp, line 759]
Event: 37.545 Thread 0x0000029230a8ec90 Exception <a 'java/lang/NoSuchMethodError'{0x0000000094d3d330}: 'int java.lang.invoke.DirectMethodHandle$Holder.invokeStatic(java.lang.Object, java.lang.Object, int, int)'> (0x0000000094d3d330) 
thrown [s\src\hotspot\share\interpreter\linkResolver.cpp, line 759]
Event: 37.655 Thread 0x0000029230a8ec90 Exception <a 'java/lang/IncompatibleClassChangeError'{0x0000000094cc06f0}: Found class java.lang.Object, but interface was expected> (0x0000000094cc06f0) 
thrown [s\src\hotspot\share\interpreter\linkResolver.cpp, line 826]
Event: 54.961 Thread 0x000002922eaf0020 Exception <a 'java/net/ConnectException'{0x000000009b17d000}: Connection refused: no further information> (0x000000009b17d000) 
thrown [s\src\hotspot\share\prims\jni.cpp, line 535]
Event: 54.961 Thread 0x000002922eaf0020 Exception <a 'java/net/SocketException'{0x000000009b17d5e0}: Socket is not connected: shutdown> (0x000000009b17d5e0) 
thrown [s\src\hotspot\share\prims\jni.cpp, line 535]
Event: 54.962 Thread 0x000002922eaef1b0 Exception <a 'java/net/ConnectException'{0x000000009b1a4ff8}: Connection refused: no further information> (0x000000009b1a4ff8) 
thrown [s\src\hotspot\share\prims\jni.cpp, line 535]
Event: 54.962 Thread 0x000002922eaf0020 Exception <a 'java/net/ConnectException'{0x000000009b17e9e8}: Connection refused: no further information> (0x000000009b17e9e8) 
thrown [s\src\hotspot\share\prims\jni.cpp, line 535]
Event: 54.962 Thread 0x000002922eaf0020 Exception <a 'java/net/SocketException'{0x000000009b17efc8}: Socket is not connected: shutdown> (0x000000009b17efc8) 
thrown [s\src\hotspot\share\prims\jni.cpp, line 535]
Event: 54.962 Thread 0x000002922eaef1b0 Exception <a 'java/net/SocketException'{0x000000009b1a55d8}: Socket is not connected: shutdown> (0x000000009b1a55d8) 
thrown [s\src\hotspot\share\prims\jni.cpp, line 535]
Event: 54.962 Thread 0x000002922eaef1b0 Exception <a 'java/net/ConnectException'{0x000000009b1a69e0}: Connection refused: no further information> (0x000000009b1a69e0) 
thrown [s\src\hotspot\share\prims\jni.cpp, line 535]
Event: 54.963 Thread 0x000002922eaef1b0 Exception <a 'java/net/SocketException'{0x000000009b1a6fc0}: Socket is not connected: shutdown> (0x000000009b1a6fc0) 
thrown [s\src\hotspot\share\prims\jni.cpp, line 535]
Event: 55.126 Thread 0x0000029230a951a0 Exception <a 'java/net/ConnectException'{0x000000009b094c10}: Connection refused: no further information> (0x000000009b094c10) 
thrown [s\src\hotspot\share\prims\jni.cpp, line 535]
Event: 55.127 Thread 0x0000029230a951a0 Exception <a 'java/net/SocketException'{0x000000009b0951f0}: Socket is not connected: shutdown> (0x000000009b0951f0) 
thrown [s\src\hotspot\share\prims\jni.cpp, line 535]
Event: 55.128 Thread 0x0000029230a951a0 Exception <a 'java/net/ConnectException'{0x000000009b0965f8}: Connection refused: no further information> (0x000000009b0965f8) 
thrown [s\src\hotspot\share\prims\jni.cpp, line 535]
Event: 55.128 Thread 0x0000029230a951a0 Exception <a 'java/net/SocketException'{0x000000009b096bd8}: Socket is not connected: shutdown> (0x000000009b096bd8) 
thrown [s\src\hotspot\share\prims\jni.cpp, line 535]

VM Operations (20 events):
Event: 33.585 Executing VM operation: G1CollectForAllocation
Event: 33.592 Executing VM operation: G1CollectForAllocation done
Event: 33.659 Executing VM operation: G1CollectForAllocation
Event: 33.662 Executing VM operation: G1CollectForAllocation done
Event: 34.674 Executing VM operation: Cleanup
Event: 34.674 Executing VM operation: Cleanup done
Event: 36.678 Executing VM operation: Cleanup
Event: 36.678 Executing VM operation: Cleanup done
Event: 37.365 Executing VM operation: HandshakeAllThreads
Event: 37.365 Executing VM operation: HandshakeAllThreads done
Event: 37.454 Executing VM operation: HandshakeAllThreads
Event: 37.454 Executing VM operation: HandshakeAllThreads done
Event: 37.753 Executing VM operation: G1CollectForAllocation
Event: 37.758 Executing VM operation: G1CollectForAllocation done
Event: 38.762 Executing VM operation: Cleanup
Event: 38.762 Executing VM operation: Cleanup done
Event: 41.792 Executing VM operation: Cleanup
Event: 41.792 Executing VM operation: Cleanup done
Event: 42.798 Executing VM operation: Cleanup
Event: 42.798 Executing VM operation: Cleanup done

Events (20 events):
Event: 33.432 loading class jdk/internal/math/FormattedFloatingDecimal$2
Event: 33.432 loading class jdk/internal/math/FormattedFloatingDecimal$2 done
Event: 33.703 loading class java/util/EnumMap$EntryIterator$Entry
Event: 33.703 loading class java/util/EnumMap$EntryIterator$Entry done
Event: 34.382 loading class java/util/ArrayList$SubList$2
Event: 34.383 loading class java/util/ArrayList$SubList$2 done
Event: 34.449 loading class java/util/stream/ReduceOps$7
Event: 34.450 loading class java/util/stream/ReduceOps$7 done
Event: 34.450 loading class java/util/stream/ReduceOps$6ReducingSink
Event: 34.450 loading class java/util/stream/ReduceOps$6ReducingSink done
Event: 34.484 loading class java/util/stream/LongStream
Event: 34.485 loading class java/util/stream/LongStream done
Event: 34.486 loading class java/util/stream/DoubleStream
Event: 34.487 loading class java/util/stream/DoubleStream done
Event: 37.598 loading class jdk/internal/reflect/UnsafeLongFieldAccessorImpl
Event: 37.599 loading class jdk/internal/reflect/UnsafeLongFieldAccessorImpl done
Event: 37.615 loading class java/text/MessageFormat$Field
Event: 37.616 loading class java/text/MessageFormat$Field done
Event: 54.915 Thread 0x000002922eaf0020 Thread added: 0x000002922eaf0020
Event: 54.915 Thread 0x000002922eaef1b0 Thread added: 0x000002922eaef1b0


Dynamic libraries:
0x00007ff625500000 - 0x00007ff62550e000 	C:\Program Files\Eclipse Adoptium\jdk-17.0.5.8-hotspot\bin\java.exe
0x00007ffa97ff0000 - 0x00007ffa981e8000 	C:\WINDOWS\SYSTEM32\ntdll.dll
0x00007ffa97090000 - 0x00007ffa9714d000 	C:\WINDOWS\System32\KERNEL32.DLL
0x00007ffa95a10000 - 0x00007ffa95d06000 	C:\WINDOWS\System32\KERNELBASE.dll
0x00007ffa95dd0000 - 0x00007ffa95ed0000 	C:\WINDOWS\System32\ucrtbase.dll
0x00007ffa62b40000 - 0x00007ffa62b59000 	C:\Program Files\Eclipse Adoptium\jdk-17.0.5.8-hotspot\bin\VCRUNTIME140.dll
0x00007ffa61c20000 - 0x00007ffa61c37000 	C:\Program Files\Eclipse Adoptium\jdk-17.0.5.8-hotspot\bin\jli.dll
0x00007ffa96030000 - 0x00007ffa961cf000 	C:\WINDOWS\System32\USER32.dll
0x00007ffa957d0000 - 0x00007ffa957f2000 	C:\WINDOWS\System32\win32u.dll
0x00007ffa96740000 - 0x00007ffa9676b000 	C:\WINDOWS\System32\GDI32.dll
0x00007ffa95800000 - 0x00007ffa95917000 	C:\WINDOWS\System32\gdi32full.dll
0x00007ffa81240000 - 0x00007ffa814da000 	C:\WINDOWS\WinSxS\amd64_microsoft.windows.common-controls_6595b64144ccf1df_6.0.19041.4355_none_60b8b9eb71f62e16\COMCTL32.dll
0x00007ffa95920000 - 0x00007ffa959bd000 	C:\WINDOWS\System32\msvcp_win.dll
0x00007ffa962f0000 - 0x00007ffa9638e000 	C:\WINDOWS\System32\msvcrt.dll
0x00007ffa96540000 - 0x00007ffa9656f000 	C:\WINDOWS\System32\IMM32.DLL
0x0000000075b50000 - 0x0000000075b5c000 	C:\Program Files (x86)\360\Total Security\safemon\SafeWrapper.dll
0x00007ffa97910000 - 0x00007ffa979c0000 	C:\WINDOWS\System32\ADVAPI32.dll
0x00007ffa96410000 - 0x00007ffa964b0000 	C:\WINDOWS\System32\sechost.dll
0x00007ffa976d0000 - 0x00007ffa977f3000 	C:\WINDOWS\System32\RPCRT4.dll
0x00007ffa95d10000 - 0x00007ffa95d37000 	C:\WINDOWS\System32\bcrypt.dll
0x00007ffa61b50000 - 0x00007ffa61be2000 	C:\Program Files (x86)\360\Total Security\safemon\libzdtp64.dll
0x00007ffa96850000 - 0x00007ffa96fbc000 	C:\WINDOWS\System32\SHELL32.dll
0x00007ffa96570000 - 0x00007ffa965c5000 	C:\WINDOWS\System32\SHLWAPI.dll
0x00007ffa95150000 - 0x00007ffa9515a000 	C:\WINDOWS\SYSTEM32\VERSION.dll
0x00007ffa62b30000 - 0x00007ffa62b3c000 	C:\Program Files\Eclipse Adoptium\jdk-17.0.5.8-hotspot\bin\vcruntime140_1.dll
0x00007ffa61970000 - 0x00007ffa61a01000 	C:\Program Files\Eclipse Adoptium\jdk-17.0.5.8-hotspot\bin\msvcp140.dll
0x00007ffa5b380000 - 0x00007ffa5bfc4000 	C:\Program Files\Eclipse Adoptium\jdk-17.0.5.8-hotspot\bin\server\jvm.dll
0x00007ffa89e90000 - 0x00007ffa89eb7000 	C:\WINDOWS\SYSTEM32\WINMM.dll
0x00007ffa76ef0000 - 0x00007ffa76ef9000 	C:\WINDOWS\SYSTEM32\WSOCK32.dll
0x00007ffa97020000 - 0x00007ffa9708b000 	C:\WINDOWS\System32\WS2_32.dll
0x00007ffa93e60000 - 0x00007ffa93e72000 	C:\WINDOWS\SYSTEM32\kernel.appcore.dll
0x00007ffa61c10000 - 0x00007ffa61c1a000 	C:\Program Files\Eclipse Adoptium\jdk-17.0.5.8-hotspot\bin\jimage.dll
0x00007ffa938c0000 - 0x00007ffa93aa4000 	C:\WINDOWS\SYSTEM32\DBGHELP.DLL
0x00007ffa82550000 - 0x00007ffa82584000 	C:\WINDOWS\SYSTEM32\dbgcore.DLL
0x00007ffa95d40000 - 0x00007ffa95dc2000 	C:\WINDOWS\System32\bcryptPrimitives.dll
0x00007ffa91530000 - 0x00007ffa9153e000 	C:\Program Files\Eclipse Adoptium\jdk-17.0.5.8-hotspot\bin\instrument.dll
0x00007ffa61b20000 - 0x00007ffa61b45000 	C:\Program Files\Eclipse Adoptium\jdk-17.0.5.8-hotspot\bin\java.dll
0x00007ffa5e3c0000 - 0x00007ffa5e496000 	C:\Program Files\Eclipse Adoptium\jdk-17.0.5.8-hotspot\bin\jsvml.dll
0x00007ffa93050000 - 0x00007ffa937ed000 	C:\WINDOWS\SYSTEM32\windows.storage.dll
0x00007ffa97c40000 - 0x00007ffa97f93000 	C:\WINDOWS\System32\combase.dll
0x00007ffa94f90000 - 0x00007ffa94fbe000 	C:\WINDOWS\SYSTEM32\Wldp.dll
0x00007ffa97b70000 - 0x00007ffa97c3d000 	C:\WINDOWS\System32\OLEAUT32.dll
0x00007ffa97800000 - 0x00007ffa978ad000 	C:\WINDOWS\System32\SHCORE.dll
0x00007ffa955e0000 - 0x00007ffa95604000 	C:\WINDOWS\SYSTEM32\profapi.dll
0x00007ffa61530000 - 0x00007ffa61548000 	C:\Program Files\Eclipse Adoptium\jdk-17.0.5.8-hotspot\bin\zip.dll
0x00007ffa61bf0000 - 0x00007ffa61c09000 	C:\Program Files\Eclipse Adoptium\jdk-17.0.5.8-hotspot\bin\net.dll
0x00007ffa8c2b0000 - 0x00007ffa8c3ba000 	C:\WINDOWS\SYSTEM32\WINHTTP.dll
0x00007ffa94cd0000 - 0x00007ffa94d3a000 	C:\WINDOWS\system32\mswsock.dll
0x00007ffa61950000 - 0x00007ffa61965000 	C:\Program Files\Eclipse Adoptium\jdk-17.0.5.8-hotspot\bin\nio.dll
0x00007ffa91510000 - 0x00007ffa9152a000 	D:\Program Files\JetBrains\IntelliJ IDEA Community Edition 2023.2.4\bin\breakgen64.dll
0x00007ffa914a0000 - 0x00007ffa914a9000 	C:\Program Files\Eclipse Adoptium\jdk-17.0.5.8-hotspot\bin\management.dll
0x00007ffa8eea0000 - 0x00007ffa8eeab000 	C:\Program Files\Eclipse Adoptium\jdk-17.0.5.8-hotspot\bin\management_ext.dll
0x00007ffa96710000 - 0x00007ffa96718000 	C:\WINDOWS\System32\PSAPI.DLL
0x00007ffa949a0000 - 0x00007ffa949db000 	C:\WINDOWS\SYSTEM32\IPHLPAPI.DLL
0x00007ffa97fa0000 - 0x00007ffa97fa8000 	C:\WINDOWS\System32\NSI.dll
0x00007ffa8e7b0000 - 0x00007ffa8e7c7000 	C:\WINDOWS\SYSTEM32\dhcpcsvc6.DLL
0x00007ffa8e1f0000 - 0x00007ffa8e20d000 	C:\WINDOWS\SYSTEM32\dhcpcsvc.DLL
0x00007ffa949e0000 - 0x00007ffa94aaa000 	C:\WINDOWS\SYSTEM32\DNSAPI.dll
0x00007ffa8b720000 - 0x00007ffa8b72a000 	C:\Windows\System32\rasadhlp.dll
0x00007ffa8a400000 - 0x00007ffa8a480000 	C:\WINDOWS\System32\fwpuclnt.dll
0x00007ffa86990000 - 0x00007ffa8699e000 	C:\Program Files\Eclipse Adoptium\jdk-17.0.5.8-hotspot\bin\sunmscapi.dll
0x00007ffa95ed0000 - 0x00007ffa9602e000 	C:\WINDOWS\System32\CRYPT32.dll
0x00007ffa95000000 - 0x00007ffa95029000 	C:\WINDOWS\SYSTEM32\ncrypt.dll
0x00007ffa94fc0000 - 0x00007ffa94ffb000 	C:\WINDOWS\SYSTEM32\NTASN1.dll
0x00007ffa94ef0000 - 0x00007ffa94f08000 	C:\WINDOWS\SYSTEM32\CRYPTSP.dll
0x00007ffa945d0000 - 0x00007ffa94604000 	C:\WINDOWS\system32\rsaenh.dll
0x00007ffa95590000 - 0x00007ffa955be000 	C:\WINDOWS\SYSTEM32\USERENV.dll
0x00007ffa94ee0000 - 0x00007ffa94eec000 	C:\WINDOWS\SYSTEM32\CRYPTBASE.dll
0x00007ffa61510000 - 0x00007ffa61520000 	C:\Program Files\Eclipse Adoptium\jdk-17.0.5.8-hotspot\bin\verify.dll
0x00007ffa52cc0000 - 0x00007ffa52cc7000 	C:\WINDOWS\system32\wshunix.dll

dbghelp: loaded successfully - version: 4.0.5 - missing functions: none
symbol engine: initialized successfully - sym options: 0x614 - pdb path: .;C:\Program Files\Eclipse Adoptium\jdk-17.0.5.8-hotspot\bin;C:\WINDOWS\SYSTEM32;C:\WINDOWS\WinSxS\amd64_microsoft.windows.common-controls_6595b64144ccf1df_6.0.19041.4355_none_60b8b9eb71f62e16;C:\Program Files (x86)\360\Total Security\safemon;C:\Program Files\Eclipse Adoptium\jdk-17.0.5.8-hotspot\bin\server;D:\Program Files\JetBrains\IntelliJ IDEA Community Edition 2023.2.4\bin

VM Arguments:
jvm_args: -javaagent:D:\Program Files\JetBrains\IntelliJ IDEA Community Edition 2023.2.4\lib\idea_rt.jar=64694:D:\Program Files\JetBrains\IntelliJ IDEA Community Edition 2023.2.4\bin -Dfile.encoding=UTF-8 
java_command: com.example.calculatorService.CalculatorServiceApplication
java_class_path (initial): D:\GB\DIIIIIIIIII\Calc\calculatorService\target\classes;C:\Users\LKDat\.m2\repository\org\springframework\boot\spring-boot-starter-data-jpa\3.3.0\spring-boot-starter-data-jpa-3.3.0.jar;C:\Users\LKDat\.m2\repository\org\springframework\boot\spring-boot-starter-aop\3.3.0\spring-boot-starter-aop-3.3.0.jar;C:\Users\LKDat\.m2\repository\org\springframework\spring-aop\6.1.8\spring-aop-6.1.8.jar;C:\Users\LKDat\.m2\repository\org\aspectj\aspectjweaver\1.9.22\aspectjweaver-1.9.22.jar;C:\Users\LKDat\.m2\repository\org\springframework\boot\spring-boot-starter-jdbc\3.3.0\spring-boot-starter-jdbc-3.3.0.jar;C:\Users\LKDat\.m2\repository\com\zaxxer\HikariCP\5.1.0\HikariCP-5.1.0.jar;C:\Users\LKDat\.m2\repository\org\springframework\spring-jdbc\6.1.8\spring-jdbc-6.1.8.jar;C:\Users\LKDat\.m2\repository\org\hibernate\orm\hibernate-core\6.5.2.Final\hibernate-core-6.5.2.Final.jar;C:\Users\LKDat\.m2\repository\jakarta\persistence\jakarta.persistence-api\3.1.0\jakarta.persistence-api-3.1.0.jar;C:\Users\LKDat\.m2\repository\jakarta\transaction\jakarta.transaction-api\2.0.1\jakarta.transaction-api-2.0.1.jar;C:\Users\LKDat\.m2\repository\org\jboss\logging\jboss-logging\3.5.3.Final\jboss-logging-3.5.3.Final.jar;C:\Users\LKDat\.m2\repository\org\hibernate\common\hibernate-commons-annotations\6.0.6.Final\hibernate-commons-annotations-6.0.6.Final.jar;C:\Users\LKDat\.m2\repository\io\smallrye\jandex\3.1.2\jandex-3.1.2.jar;C:\Users\LKDat\.m2\repository\com\fasterxml\classmate\1.7.0\classmate-1.7.0.jar;C:\Users\LKDat\.m2\repository\net\bytebuddy\byte-buddy\1.14.16\byte-buddy-1.14.16.jar;C:\Users\LKDat\.m2\repository\org\glassfish\jaxb\jaxb-runtime\4.0.5\jaxb-runtime-4.0.5.jar;C:\Users\LKDat\.m2\repository\org\glassfish\jaxb\jaxb-core\4.0.5\jaxb-core-4.0.5.jar;C:\Users\LKDat\.m2\repository\org\eclipse\angus\angus-activation\2.0.2\angus-activation-2.0.2.jar;C:\Users\LKDat\.m2\repository\org\glassfish\jaxb\txw2\4.0.5\txw2-4.0.5.jar;C:\Users\LKDat\.m2\repository\com\sun\ist
Launcher Type: SUN_STANDARD

[Global flags]
     intx CICompilerCount                          = 4                                         {product} {ergonomic}
     uint ConcGCThreads                            = 2                                         {product} {ergonomic}
     uint G1ConcRefinementThreads                  = 8                                         {product} {ergonomic}
   size_t G1HeapRegionSize                         = 1048576                                   {product} {ergonomic}
    uintx GCDrainStackTargetSize                   = 64                                        {product} {ergonomic}
   size_t InitialHeapSize                          = 117440512                                 {product} {ergonomic}
   size_t MarkStackSize                            = 4194304                                   {product} {ergonomic}
   size_t MaxHeapSize                              = 1862270976                                {product} {ergonomic}
   size_t MaxNewSize                               = 1116733440                                {product} {ergonomic}
   size_t MinHeapDeltaBytes                        = 1048576                                   {product} {ergonomic}
   size_t MinHeapSize                              = 8388608                                   {product} {ergonomic}
    uintx NonNMethodCodeHeapSize                   = 5839372                                {pd product} {ergonomic}
    uintx NonProfiledCodeHeapSize                  = 122909434                              {pd product} {ergonomic}
    uintx ProfiledCodeHeapSize                     = 122909434                              {pd product} {ergonomic}
    uintx ReservedCodeCacheSize                    = 251658240                              {pd product} {ergonomic}
     bool SegmentedCodeCache                       = true                                      {product} {ergonomic}
   size_t SoftMaxHeapSize                          = 1862270976                             {manageable} {ergonomic}
     bool UseCompressedClassPointers               = true                           {product lp64_product} {ergonomic}
     bool UseCompressedOops                        = true                           {product lp64_product} {ergonomic}
     bool UseG1GC                                  = true                                      {product} {ergonomic}
     bool UseLargePagesIndividualAllocation        = false                                  {pd product} {ergonomic}

Logging:
Log output configuration:
 #0: stdout all=warning uptime,level,tags
 #1: stderr all=off uptime,level,tags

Environment Variables:
JAVA_HOME=C:\Program Files\Eclipse Adoptium\jdk-17.0.5.8-hotspot\
PATH=C:\Program Files\Common Files\Oracle\Java\javapath;C:\Program Files (x86)\Common Files\Oracle\Java\javapath;C:\Program Files (x86)\NVIDIA Corporation\PhysX\Common;C:\Program Files\Eclipse Adoptium\jdk-17.0.5.8-hotspot\bin;C:\WINDOWS\system32;C:\WINDOWS;C:\WINDOWS\System32\Wbem;C:\WINDOWS\System32\WindowsPowerShell\v1.0\;C:\WINDOWS\System32\OpenSSH\;C:\Inprise\vbroker\bin;C:\Program Files\Borland\Delphi7\Bin;C:\Program Files\Borland\Delphi7\Projects\Bpl;C:\Inprise\vbroker\bin;C:\Program Files\Borland\Delphi7\Bin;C:\Program Files\Borland\Delphi7\Projects\Bpl;C:\Program Files\dotnet\;D:\Program Files\Git\cmd;C:\Program Files\Microsoft SQL Server\130\Tools\Binn\;C:\Program Files\Docker\Docker\resources\bin;C:\Program Files\MySQL\MySQL Shell 8.0\bin\;C:\Users\LKDat\AppData\Local\Programs\Python\Python312\Scripts\;C:\Users\LKDat\AppData\Local\Programs\Python\Python312\;C:\Users\LKDat\AppData\Local\Microsoft\WindowsApps;D:\Program Files\JetBrains\IntelliJ IDEA Community Edition 2022.3.1\bin;C:\Users\LKDat\AppData\Local\gitkraken\bin;C:\Users\LKDat\.dotnet\tools;C:\Users\LKDat\AppData\Local\Programs\Microsoft VS Code\bin;D:\Program Files\JetBrains\IntelliJ IDEA 2023.1.3\bin;;D:\Program Files\JetBrains\IntelliJ IDEA Community Edition 2023.2.4\bin;;D:\Program Files\JetBrains\apache-maven-3.9.6\bin;
USERNAME=LKDat
OS=Windows_NT
PROCESSOR_IDENTIFIER=AMD64 Family 23 Model 24 Stepping 1, AuthenticAMD
TMP=C:\Users\LKDat\AppData\Local\Temp
TEMP=C:\Users\LKDat\AppData\Local\Temp



---------------  S Y S T E M  ---------------

OS:
 Windows 10 , 64 bit Build 19041 (10.0.19041.3636)
OS uptime: 0 days 0:54 hours
Hyper-V role detected

CPU: total 8 (initial active 8) (8 cores per cpu, 2 threads per core) family 23 model 24 stepping 1 microcode 0x0, cx8, cmov, fxsr, ht, mmx, 3dnowpref, sse, sse2, sse3, ssse3, sse4a, sse4.1, sse4.2, popcnt, lzcnt, tsc, tscinvbit, avx, avx2, aes, clmul, bmi1, bmi2, adx, sha, fma, vzeroupper, clflush, clflushopt, hv

Memory: 4k page, system-wide physical 7103M (214M free)
TotalPageFile size 15467M (AvailPageFile size 18M)
current process WorkingSet (physical memory assigned to process): 286M, peak: 291M
current process commit charge ("private bytes"): 414M, peak: 421M

vm_info: OpenJDK 64-Bit Server VM (17.0.5+8) for windows-amd64 JRE (17.0.5+8), built on Oct 19 2022 04:48:13 by "temurin" with MS VC++ 16.7 (VS2019)

END.
